<?xml version="1.0" encoding="UTF-8"?>
<!-- Generated by org.testng.reporters.JUnitReportReporter -->
<testsuite hostname="ShitalGanesh" failures="0" tests="2" name="pomTestCasePages.LoginTestcases" time="0.795" errors="0" timestamp="2022-08-09T19:23:26 IST" skipped="0">
  <testcase classname="pomTestCasePages.LoginTestcases" name="validateLogin" time="0.777"/>
  <system-out/>
  <testcase classname="pomTestCasePages.LoginTestcases" name="validateTitle" time="0.018"/>
  <system-out/>
</testsuite> <!-- pomTestCasePages.LoginTestcases -->
