<?xml version="1.0" encoding="UTF-8"?>
<!-- Generated by org.testng.reporters.JUnitReportReporter -->
<testsuite hostname="ShitalGanesh" failures="0" tests="2" name="pomTestCasePages.DashboardTest" time="3.029" errors="0" timestamp="2022-08-09T19:23:26 IST" skipped="0">
  <testcase classname="pomTestCasePages.DashboardTest" name="searchSharesTest" time="2.721"/>
  <system-out/>
  <testcase classname="pomTestCasePages.DashboardTest" name="validateBuyShare" time="0.308"/>
  <system-out/>
</testsuite> <!-- pomTestCasePages.DashboardTest -->
